# JRE version: OpenJDK Runtime Environment (17.0.9) (build 17.0.9+0--11185874)
# Java VM: OpenJDK 64-Bit Server VM (17.0.9+0--11185874, mixed mode, tiered, compressed oops, compressed class ptrs, g1 gc, windows-amd64)
GC Precious Log:
 CPUs: 6 total, 6 available
 Memory: 7564M
 Large Page Support: Disabled
 NUMA Support: Disabled
 Compressed Oops: Enabled (32-bit)
 Heap Region Size: 1M
 Heap Min Capacity: 8M
 Heap Initial Capacity: 120M
 Heap Max Capacity: 1892M
 Pre-touch: Disabled
 Parallel Workers: 6
 Concurrent Workers: 2
 Concurrent Refinement Workers: 6
 Periodic GC: Disabled
Heap:
 garbage-first heap   total 65536K, used 34985K [0x0000000089c00000, 0x0000000100000000)
  region size 1024K, 1 young (1024K), 1 survivors (1024K)
 Metaspace       used 50812K, committed 51072K, reserved 1114112K
  class space    used 6156K, committed 6272K, reserved 1048576K
GC Heap History (20 events):
Event: 2.688 GC heap after
{Heap after GC invocations=5 (full 0):
 garbage-first heap   total 40960K, used 11316K [0x0000000089c00000, 0x0000000100000000)
  region size 1024K, 2 young (2048K), 2 survivors (2048K)
 Metaspace       used 27768K, committed 27904K, reserved 1114112K
  class space    used 3284K, committed 3328K, reserved 1048576K
}
Event: 2.721 GC heap before
{Heap before GC invocations=5 (full 0):
 garbage-first heap   total 40960K, used 12340K [0x0000000089c00000, 0x0000000100000000)
  region size 1024K, 3 young (3072K), 2 survivors (2048K)
 Metaspace       used 28251K, committed 28416K, reserved 1114112K
  class space    used 3435K, committed 3520K, reserved 1048576K
}
Event: 2.724 GC heap after
{Heap after GC invocations=6 (full 0):
 garbage-first heap   total 40960K, used 11600K [0x0000000089c00000, 0x0000000100000000)
  region size 1024K, 1 young (1024K), 1 survivors (1024K)
 Metaspace       used 28251K, committed 28416K, reserved 1114112K
  class space    used 3435K, committed 3520K, reserved 1048576K
}
Event: 2.926 GC heap before
{Heap before GC invocations=6 (full 0):
 garbage-first heap   total 40960K, used 35152K [0x0000000089c00000, 0x0000000100000000)
  region size 1024K, 20 young (20480K), 1 survivors (1024K)
 Metaspace       used 29358K, committed 29568K, reserved 1114112K
  class space    used 3620K, committed 3712K, reserved 1048576K
}
Event: 2.935 GC heap after
{Heap after GC invocations=7 (full 0):
 garbage-first heap   total 54272K, used 18602K [0x0000000089c00000, 0x0000000100000000)
  region size 1024K, 3 young (3072K), 3 survivors (3072K)
 Metaspace       used 29358K, committed 29568K, reserved 1114112K
  class space    used 3620K, committed 3712K, reserved 1048576K
}
Event: 3.325 GC heap before
{Heap before GC invocations=7 (full 0):
 garbage-first heap   total 54272K, used 38058K [0x0000000089c00000, 0x0000000100000000)
  region size 1024K, 22 young (22528K), 3 survivors (3072K)
 Metaspace       used 33915K, committed 34112K, reserved 1114112K
  class space    used 4329K, committed 4416K, reserved 1048576K
}
Event: 3.335 GC heap after
{Heap after GC invocations=8 (full 0):
 garbage-first heap   total 54272K, used 21710K [0x0000000089c00000, 0x0000000100000000)
  region size 1024K, 3 young (3072K), 3 survivors (3072K)
 Metaspace       used 33915K, committed 34112K, reserved 1114112K
  class space    used 4329K, committed 4416K, reserved 1048576K
}
Event: 3.575 GC heap before
{Heap before GC invocations=8 (full 0):
 garbage-first heap   total 54272K, used 40142K [0x0000000089c00000, 0x0000000100000000)
  region size 1024K, 20 young (20480K), 3 survivors (3072K)
 Metaspace       used 35758K, committed 35968K, reserved 1114112K
  class space    used 4536K, committed 4672K, reserved 1048576K
}
Event: 3.582 GC heap after
{Heap after GC invocations=9 (full 0):
 garbage-first heap   total 54272K, used 22518K [0x0000000089c00000, 0x0000000100000000)
  region size 1024K, 3 young (3072K), 3 survivors (3072K)
 Metaspace       used 35758K, committed 35968K, reserved 1114112K
  class space    used 4536K, committed 4672K, reserved 1048576K
}
Event: 3.918 GC heap before
{Heap before GC invocations=10 (full 0):
 garbage-first heap   total 54272K, used 37878K [0x0000000089c00000, 0x0000000100000000)
  region size 1024K, 19 young (19456K), 3 survivors (3072K)
 Metaspace       used 38923K, committed 39168K, reserved 1114112K
  class space    used 4831K, committed 4928K, reserved 1048576K
}
Event: 3.924 GC heap after
{Heap after GC invocations=11 (full 0):
 garbage-first heap   total 54272K, used 24513K [0x0000000089c00000, 0x0000000100000000)
  region size 1024K, 2 young (2048K), 2 survivors (2048K)
 Metaspace       used 38923K, committed 39168K, reserved 1114112K
  class space    used 4831K, committed 4928K, reserved 1048576K
}
Event: 3.937 GC heap before
{Heap before GC invocations=11 (full 0):
 garbage-first heap   total 54272K, used 25537K [0x0000000089c00000, 0x0000000100000000)
  region size 1024K, 3 young (3072K), 2 survivors (2048K)
 Metaspace       used 39084K, committed 39296K, reserved 1114112K
  class space    used 4839K, committed 4928K, reserved 1048576K
}
Event: 3.941 GC heap after
{Heap after GC invocations=12 (full 0):
 garbage-first heap   total 65536K, used 24209K [0x0000000089c00000, 0x0000000100000000)
  region size 1024K, 1 young (1024K), 1 survivors (1024K)
 Metaspace       used 39084K, committed 39296K, reserved 1114112K
  class space    used 4839K, committed 4928K, reserved 1048576K
}
Event: 4.478 GC heap before
{Heap before GC invocations=12 (full 0):
 garbage-first heap   total 65536K, used 45713K [0x0000000089c00000, 0x0000000100000000)
  region size 1024K, 23 young (23552K), 1 survivors (1024K)
 Metaspace       used 44734K, committed 44928K, reserved 1114112K
  class space    used 5481K, committed 5568K, reserved 1048576K
}
Event: 4.484 GC heap after
{Heap after GC invocations=13 (full 0):
 garbage-first heap   total 65536K, used 25380K [0x0000000089c00000, 0x0000000100000000)
  region size 1024K, 2 young (2048K), 2 survivors (2048K)
 Metaspace       used 44734K, committed 44928K, reserved 1114112K
  class space    used 5481K, committed 5568K, reserved 1048576K
}
Event: 4.935 GC heap before
{Heap before GC invocations=13 (full 0):
 garbage-first heap   total 65536K, used 49956K [0x0000000089c00000, 0x0000000100000000)
  region size 1024K, 24 young (24576K), 2 survivors (2048K)
 Metaspace       used 48302K, committed 48448K, reserved 1114112K
  class space    used 5882K, committed 5952K, reserved 1048576K
}
Event: 4.944 GC heap after
{Heap after GC invocations=14 (full 0):
 garbage-first heap   total 65536K, used 31366K [0x0000000089c00000, 0x0000000100000000)
  region size 1024K, 3 young (3072K), 3 survivors (3072K)
 Metaspace       used 48302K, committed 48448K, reserved 1114112K
  class space    used 5882K, committed 5952K, reserved 1048576K
}
Event: 5.128 GC heap before
{Heap before GC invocations=14 (full 0):
 garbage-first heap   total 65536K, used 49798K [0x0000000089c00000, 0x0000000100000000)
  region size 1024K, 21 young (21504K), 3 survivors (3072K)
 Metaspace       used 50016K, committed 50240K, reserved 1114112K
  class space    used 6075K, committed 6144K, reserved 1048576K
}
Event: 5.138 GC heap after
{Heap after GC invocations=15 (full 0):
 garbage-first heap   total 65536K, used 35598K [0x0000000089c00000, 0x0000000100000000)
  region size 1024K, 3 young (3072K), 3 survivors (3072K)
 Metaspace       used 50016K, committed 50240K, reserved 1114112K
  class space    used 6075K, committed 6144K, reserved 1048576K
}
Event: 5.307 GC heap before
{Heap before GC invocations=15 (full 0):
 garbage-first heap   total 65536K, used 49934K [0x0000000089c00000, 0x0000000100000000)
  region size 1024K, 17 young (17408K), 3 survivors (3072K)
 Metaspace       used 50812K, committed 51072K, reserved 1114112K
  class space    used 6156K, committed 6272K, reserved 1048576K
}

