# JRE version: OpenJDK Runtime Environment (17.0.9) (build 17.0.9+0--11185874)
# Java VM: OpenJDK 64-Bit Server VM (17.0.9+0--11185874, mixed mode, tiered, compressed oops, compressed class ptrs, g1 gc, windows-amd64)
GC Precious Log:
 CPUs: 6 total, 6 available
 Memory: 7564M
 Large Page Support: Disabled
 NUMA Support: Disabled
 Compressed Oops: Enabled (32-bit)
 Heap Region Size: 1M
 Heap Min Capacity: 8M
 Heap Initial Capacity: 120M
 Heap Max Capacity: 1892M
 Pre-touch: Disabled
 Parallel Workers: 6
 Concurrent Workers: 2
 Concurrent Refinement Workers: 6
 Periodic GC: Disabled
Heap:
 garbage-first heap   total 188416K, used 79178K [0x0000000089c00000, 0x0000000100000000)
  region size 1024K, 9 young (9216K), 7 survivors (7168K)
 Metaspace       used 78896K, committed 79296K, reserved 1179648K
  class space    used 8914K, committed 9088K, reserved 1048576K
GC Heap History (20 events):
Event: 4.112 GC heap before
{Heap before GC invocations=17 (full 0):
 garbage-first heap   total 69632K, used 55161K [0x0000000089c00000, 0x0000000100000000)
  region size 1024K, 19 young (19456K), 3 survivors (3072K)
 Metaspace       used 53893K, committed 54144K, reserved 1114112K
  class space    used 6410K, committed 6528K, reserved 1048576K
}
Event: 4.121 GC heap after
{Heap after GC invocations=18 (full 0):
 garbage-first heap   total 87040K, used 41401K [0x0000000089c00000, 0x0000000100000000)
  region size 1024K, 3 young (3072K), 3 survivors (3072K)
 Metaspace       used 53893K, committed 54144K, reserved 1114112K
  class space    used 6410K, committed 6528K, reserved 1048576K
}
Event: 4.413 GC heap before
{Heap before GC invocations=19 (full 0):
 garbage-first heap   total 87040K, used 64953K [0x0000000089c00000, 0x0000000100000000)
  region size 1024K, 27 young (27648K), 3 survivors (3072K)
 Metaspace       used 54936K, committed 55168K, reserved 1114112K
  class space    used 6520K, committed 6592K, reserved 1048576K
}
Event: 4.424 GC heap after
{Heap after GC invocations=20 (full 0):
 garbage-first heap   total 87040K, used 45326K [0x0000000089c00000, 0x0000000100000000)
  region size 1024K, 4 young (4096K), 4 survivors (4096K)
 Metaspace       used 54936K, committed 55168K, reserved 1114112K
  class space    used 6520K, committed 6592K, reserved 1048576K
}
Event: 4.427 GC heap before
{Heap before GC invocations=20 (full 0):
 garbage-first heap   total 87040K, used 46350K [0x0000000089c00000, 0x0000000100000000)
  region size 1024K, 5 young (5120K), 4 survivors (4096K)
 Metaspace       used 54940K, committed 55168K, reserved 1114112K
  class space    used 6520K, committed 6592K, reserved 1048576K
}
Event: 4.432 GC heap after
{Heap after GC invocations=21 (full 0):
 garbage-first heap   total 87040K, used 44904K [0x0000000089c00000, 0x0000000100000000)
  region size 1024K, 1 young (1024K), 1 survivors (1024K)
 Metaspace       used 54940K, committed 55168K, reserved 1114112K
  class space    used 6520K, committed 6592K, reserved 1048576K
}
Event: 4.766 GC heap before
{Heap before GC invocations=21 (full 0):
 garbage-first heap   total 87040K, used 66408K [0x0000000089c00000, 0x0000000100000000)
  region size 1024K, 22 young (22528K), 1 survivors (1024K)
 Metaspace       used 56309K, committed 56576K, reserved 1114112K
  class space    used 6678K, committed 6784K, reserved 1048576K
}
Event: 4.771 GC heap after
{Heap after GC invocations=22 (full 0):
 garbage-first heap   total 87040K, used 46266K [0x0000000089c00000, 0x0000000100000000)
  region size 1024K, 2 young (2048K), 2 survivors (2048K)
 Metaspace       used 56309K, committed 56576K, reserved 1114112K
  class space    used 6678K, committed 6784K, reserved 1048576K
}
Event: 5.340 GC heap before
{Heap before GC invocations=23 (full 0):
 garbage-first heap   total 87040K, used 67770K [0x0000000089c00000, 0x0000000100000000)
  region size 1024K, 23 young (23552K), 2 survivors (2048K)
 Metaspace       used 57316K, committed 57600K, reserved 1114112K
  class space    used 6742K, committed 6848K, reserved 1048576K
}
Event: 5.348 GC heap after
{Heap after GC invocations=24 (full 0):
 garbage-first heap   total 87040K, used 49470K [0x0000000089c00000, 0x0000000100000000)
  region size 1024K, 3 young (3072K), 3 survivors (3072K)
 Metaspace       used 57316K, committed 57600K, reserved 1114112K
  class space    used 6742K, committed 6848K, reserved 1048576K
}
Event: 5.398 GC heap before
{Heap before GC invocations=24 (full 0):
 garbage-first heap   total 87040K, used 50494K [0x0000000089c00000, 0x0000000100000000)
  region size 1024K, 4 young (4096K), 3 survivors (3072K)
 Metaspace       used 57419K, committed 57664K, reserved 1114112K
  class space    used 6748K, committed 6848K, reserved 1048576K
}
Event: 5.405 GC heap after
{Heap after GC invocations=25 (full 0):
 garbage-first heap   total 87040K, used 49503K [0x0000000089c00000, 0x0000000100000000)
  region size 1024K, 1 young (1024K), 1 survivors (1024K)
 Metaspace       used 57419K, committed 57664K, reserved 1114112K
  class space    used 6748K, committed 6848K, reserved 1048576K
}
Event: 5.540 GC heap before
{Heap before GC invocations=25 (full 0):
 garbage-first heap   total 87040K, used 71007K [0x0000000089c00000, 0x0000000100000000)
  region size 1024K, 20 young (20480K), 1 survivors (1024K)
 Metaspace       used 57426K, committed 57664K, reserved 1114112K
  class space    used 6748K, committed 6848K, reserved 1048576K
}
Event: 5.545 GC heap after
{Heap after GC invocations=26 (full 0):
 garbage-first heap   total 206848K, used 52962K [0x0000000089c00000, 0x0000000100000000)
  region size 1024K, 2 young (2048K), 2 survivors (2048K)
 Metaspace       used 57426K, committed 57664K, reserved 1114112K
  class space    used 6748K, committed 6848K, reserved 1048576K
}
Event: 6.365 GC heap before
{Heap before GC invocations=27 (full 0):
 garbage-first heap   total 188416K, used 144098K [0x0000000089c00000, 0x0000000100000000)
  region size 1024K, 91 young (93184K), 2 survivors (2048K)
 Metaspace       used 57897K, committed 58176K, reserved 1114112K
  class space    used 6787K, committed 6912K, reserved 1048576K
}
Event: 6.378 GC heap after
{Heap after GC invocations=28 (full 0):
 garbage-first heap   total 188416K, used 62801K [0x0000000089c00000, 0x0000000100000000)
  region size 1024K, 12 young (12288K), 12 survivors (12288K)
 Metaspace       used 57897K, committed 58176K, reserved 1114112K
  class space    used 6787K, committed 6912K, reserved 1048576K
}
Event: 6.439 GC heap before
{Heap before GC invocations=28 (full 0):
 garbage-first heap   total 188416K, used 62801K [0x0000000089c00000, 0x0000000100000000)
  region size 1024K, 13 young (13312K), 12 survivors (12288K)
 Metaspace       used 57983K, committed 58240K, reserved 1114112K
  class space    used 6790K, committed 6912K, reserved 1048576K
}
Event: 6.447 GC heap after
{Heap after GC invocations=29 (full 0):
 garbage-first heap   total 188416K, used 64107K [0x0000000089c00000, 0x0000000100000000)
  region size 1024K, 2 young (2048K), 2 survivors (2048K)
 Metaspace       used 57983K, committed 58240K, reserved 1114112K
  class space    used 6790K, committed 6912K, reserved 1048576K
}
Event: 8.009 GC heap before
{Heap before GC invocations=29 (full 0):
 garbage-first heap   total 188416K, used 136811K [0x0000000089c00000, 0x0000000100000000)
  region size 1024K, 73 young (74752K), 2 survivors (2048K)
 Metaspace       used 67028K, committed 67328K, reserved 1114112K
  class space    used 7726K, committed 7872K, reserved 1048576K
}
Event: 8.019 GC heap after
{Heap after GC invocations=30 (full 0):
 garbage-first heap   total 188416K, used 72022K [0x0000000089c00000, 0x0000000100000000)
  region size 1024K, 10 young (10240K), 10 survivors (10240K)
 Metaspace       used 67028K, committed 67328K, reserved 1114112K
  class space    used 7726K, committed 7872K, reserved 1048576K
}

